[0918/093846.758:ERROR:process_reader_win.cc(188)] ResumeThread: 參數錯誤。 (0x57)
[0918/093846.764:ERROR:process_reader_win.cc(151)] SuspendThread: 存取被拒。 (0x5)
[0918/093846.764:ERROR:process_reader_win.cc(151)] SuspendThread: 存取被拒。 (0x5)
[0918/093846.764:ERROR:process_reader_win.cc(151)] SuspendThread: 存取被拒。 (0x5)
[0918/093846.764:ERROR:process_reader_win.cc(151)] SuspendThread: 存取被拒。 (0x5)
[0918/093846.764:ERROR:process_reader_win.cc(151)] SuspendThread: 存取被拒。 (0x5)
[0918/093846.764:ERROR:process_reader_win.cc(151)] SuspendThread: 存取被拒。 (0x5)
[0918/093846.764:ERROR:process_reader_win.cc(151)] SuspendThread: 存取被拒。 (0x5)
[0918/093846.932:ERROR:process_memory_win.cc(73)] ReadMemory at 0x1e63701cf60 of 72 bytes failed: 僅完成部分的 ReadProcessMemory 或 WriteProcessMemory 要求。 (0x12B)
[0918/093846.935:WARNING:pe_image_annotations_reader.cc(135)] could not read annotations list object in C:\Program Files\Google\Chrome\Application\85.0.4183.102\chrome_elf.dll
[0918/093846.935:ERROR:process_memory_win.cc(73)] ReadMemory at 0x1e637110000 of 64 bytes failed: 僅完成部分的 ReadProcessMemory 或 WriteProcessMemory 要求。 (0x12B)
[0918/093846.935:WARNING:pe_image_reader.cc(340)] could not read dos header from C:\Windows\System32\msvcrt.dll
[0918/093846.935:ERROR:process_memory_win.cc(73)] ReadMemory at 0x1e637053c00 of 72 bytes failed: 僅完成部分的 ReadProcessMemory 或 WriteProcessMemory 要求。 (0x12B)
[0918/093846.935:WARNING:pe_image_annotations_reader.cc(135)] could not read annotations list object in C:\Program Files\Google\Chrome\Application\85.0.4183.102\chrome.dll
[0918/093846.941:ERROR:process_memory_win.cc(73)] ReadMemory at 0x1e63701cf60 of 72 bytes failed: 僅完成部分的 ReadProcessMemory 或 WriteProcessMemory 要求。 (0x12B)
[0918/093846.941:WARNING:pe_image_annotations_reader.cc(135)] could not read annotations list object in C:\Program Files\Google\Chrome\Application\85.0.4183.102\chrome_elf.dll
[0918/093846.942:ERROR:process_memory_win.cc(73)] ReadMemory at 0x1e637110000 of 64 bytes failed: 僅完成部分的 ReadProcessMemory 或 WriteProcessMemory 要求。 (0x12B)
[0918/093846.942:WARNING:pe_image_reader.cc(340)] could not read dos header from C:\Windows\System32\msvcrt.dll
[0918/093846.942:ERROR:process_memory_win.cc(73)] ReadMemory at 0x1e637053c00 of 72 bytes failed: 僅完成部分的 ReadProcessMemory 或 WriteProcessMemory 要求。 (0x12B)
[0918/093846.942:WARNING:pe_image_annotations_reader.cc(135)] could not read annotations list object in C:\Program Files\Google\Chrome\Application\85.0.4183.102\chrome.dll
[0918/093846.942:ERROR:process_memory_win.cc(73)] ReadMemory at 0x1e63701cf60 of 72 bytes failed: 僅完成部分的 ReadProcessMemory 或 WriteProcessMemory 要求。 (0x12B)
[0918/093846.942:WARNING:pe_image_annotations_reader.cc(135)] could not read annotations list object in C:\Program Files\Google\Chrome\Application\85.0.4183.102\chrome_elf.dll
[0918/093846.943:ERROR:process_memory_win.cc(73)] ReadMemory at 0x1e637110000 of 64 bytes failed: 僅完成部分的 ReadProcessMemory 或 WriteProcessMemory 要求。 (0x12B)
[0918/093846.943:WARNING:pe_image_reader.cc(340)] could not read dos header from C:\Windows\System32\msvcrt.dll
[0918/093846.943:ERROR:process_memory_win.cc(73)] ReadMemory at 0x1e637053c00 of 72 bytes failed: 僅完成部分的 ReadProcessMemory 或 WriteProcessMemory 要求。 (0x12B)
[0918/093846.943:WARNING:pe_image_annotations_reader.cc(135)] could not read annotations list object in C:\Program Files\Google\Chrome\Application\85.0.4183.102\chrome.dll
[0918/093846.973:ERROR:process_memory_win.cc(73)] ReadMemory at 0x26aa3eb000 of 86016 bytes failed: 僅完成部分的 ReadProcessMemory 或 WriteProcessMemory 要求。 (0x12B)
[0918/093846.973:ERROR:process_memory_win.cc(73)] ReadMemory at 0x26aabfd000 of 12288 bytes failed: 僅完成部分的 ReadProcessMemory 或 WriteProcessMemory 要求。 (0x12B)
[0918/093846.973:ERROR:process_memory_win.cc(73)] ReadMemory at 0x26abbfc000 of 16384 bytes failed: 僅完成部分的 ReadProcessMemory 或 WriteProcessMemory 要求。 (0x12B)
[0918/093846.973:ERROR:process_memory_win.cc(73)] ReadMemory at 0x26ac3fc000 of 16384 bytes failed: 僅完成部分的 ReadProcessMemory 或 WriteProcessMemory 要求。 (0x12B)
[0918/093846.973:ERROR:process_memory_win.cc(73)] ReadMemory at 0x26acbff000 of 4096 bytes failed: 僅完成部分的 ReadProcessMemory 或 WriteProcessMemory 要求。 (0x12B)
[0918/093846.974:ERROR:process_memory_win.cc(73)] ReadMemory at 0x26ad3fd000 of 12288 bytes failed: 僅完成部分的 ReadProcessMemory 或 WriteProcessMemory 要求。 (0x12B)
[0918/093846.974:ERROR:process_memory_win.cc(73)] ReadMemory at 0x26adbfc000 of 16384 bytes failed: 僅完成部分的 ReadProcessMemory 或 WriteProcessMemory 要求。 (0x12B)
[0918/093846.974:ERROR:process_memory_win.cc(73)] ReadMemory at 0x26aebfd000 of 12288 bytes failed: 僅完成部分的 ReadProcessMemory 或 WriteProcessMemory 要求。 (0x12B)
[0918/093846.974:ERROR:process_memory_win.cc(73)] ReadMemory at 0x26af3fc000 of 16384 bytes failed: 僅完成部分的 ReadProcessMemory 或 WriteProcessMemory 要求。 (0x12B)
[0918/093846.974:ERROR:process_memory_win.cc(73)] ReadMemory at 0x26afbfb000 of 20480 bytes failed: 僅完成部分的 ReadProcessMemory 或 WriteProcessMemory 要求。 (0x12B)
[0918/093846.974:ERROR:process_memory_win.cc(73)] ReadMemory at 0x26b03fc000 of 16384 bytes failed: 僅完成部分的 ReadProcessMemory 或 WriteProcessMemory 要求。 (0x12B)
[0918/093846.974:ERROR:process_memory_win.cc(73)] ReadMemory at 0x26b0bfb000 of 20480 bytes failed: 僅完成部分的 ReadProcessMemory 或 WriteProcessMemory 要求。 (0x12B)
[0918/093846.974:ERROR:process_memory_win.cc(73)] ReadMemory at 0x26b13fc000 of 16384 bytes failed: 僅完成部分的 ReadProcessMemory 或 WriteProcessMemory 要求。 (0x12B)
[0918/093846.974:ERROR:process_memory_win.cc(73)] ReadMemory at 0x26b4bf8000 of 32768 bytes failed: 僅完成部分的 ReadProcessMemory 或 WriteProcessMemory 要求。 (0x12B)
[0918/093846.975:ERROR:process_memory_win.cc(73)] ReadMemory at 0x26b53fc000 of 16384 bytes failed: 僅完成部分的 ReadProcessMemory 或 WriteProcessMemory 要求。 (0x12B)
[0918/093846.975:ERROR:process_memory_win.cc(73)] ReadMemory at 0x26a9a33000 of 852 bytes failed: 僅完成部分的 ReadProcessMemory 或 WriteProcessMemory 要求。 (0x12B)
[0918/093846.975:ERROR:process_memory_win.cc(73)] ReadMemory at 0x26a9a34000 of 6024 bytes failed: 僅完成部分的 ReadProcessMemory 或 WriteProcessMemory 要求。 (0x12B)
[0918/093846.975:ERROR:process_memory_win.cc(73)] ReadMemory at 0x26a9a36000 of 6024 bytes failed: 僅完成部分的 ReadProcessMemory 或 WriteProcessMemory 要求。 (0x12B)
[0918/093846.975:ERROR:process_memory_win.cc(73)] ReadMemory at 0x26a9a3a000 of 6024 bytes failed: 僅完成部分的 ReadProcessMemory 或 WriteProcessMemory 要求。 (0x12B)
[0918/093846.975:ERROR:process_memory_win.cc(73)] ReadMemory at 0x26a9a3c000 of 6024 bytes failed: 僅完成部分的 ReadProcessMemory 或 WriteProcessMemory 要求。 (0x12B)
[0918/093846.975:ERROR:process_memory_win.cc(73)] ReadMemory at 0x26a9a3e000 of 6024 bytes failed: 僅完成部分的 ReadProcessMemory 或 WriteProcessMemory 要求。 (0x12B)
[0918/093846.975:ERROR:process_memory_win.cc(73)] ReadMemory at 0x26a9a40000 of 6024 bytes failed: 僅完成部分的 ReadProcessMemory 或 WriteProcessMemory 要求。 (0x12B)
[0918/093846.975:ERROR:process_memory_win.cc(73)] ReadMemory at 0x26a9a42000 of 6024 bytes failed: 僅完成部分的 ReadProcessMemory 或 WriteProcessMemory 要求。 (0x12B)
[0918/093846.975:ERROR:process_memory_win.cc(73)] ReadMemory at 0x26a9a46000 of 6024 bytes failed: 僅完成部分的 ReadProcessMemory 或 WriteProcessMemory 要求。 (0x12B)
[0918/093846.975:ERROR:process_memory_win.cc(73)] ReadMemory at 0x26a9a48000 of 6024 bytes failed: 僅完成部分的 ReadProcessMemory 或 WriteProcessMemory 要求。 (0x12B)
[0918/093846.976:ERROR:process_memory_win.cc(73)] ReadMemory at 0x26a9a4a000 of 6024 bytes failed: 僅完成部分的 ReadProcessMemory 或 WriteProcessMemory 要求。 (0x12B)
[0918/093846.976:ERROR:process_memory_win.cc(73)] ReadMemory at 0x26a9a4c000 of 6024 bytes failed: 僅完成部分的 ReadProcessMemory 或 WriteProcessMemory 要求。 (0x12B)
[0918/093846.976:ERROR:process_memory_win.cc(73)] ReadMemory at 0x26a9a4e000 of 6024 bytes failed: 僅完成部分的 ReadProcessMemory 或 WriteProcessMemory 要求。 (0x12B)
[0918/093846.976:ERROR:process_memory_win.cc(73)] ReadMemory at 0x26a9a50000 of 6024 bytes failed: 僅完成部分的 ReadProcessMemory 或 WriteProcessMemory 要求。 (0x12B)
[0918/093846.976:ERROR:process_memory_win.cc(73)] ReadMemory at 0x26a9a5e000 of 6024 bytes failed: 僅完成部分的 ReadProcessMemory 或 WriteProcessMemory 要求。 (0x12B)
[0918/093846.976:ERROR:process_memory_win.cc(73)] ReadMemory at 0x26a9a60000 of 6024 bytes failed: 僅完成部分的 ReadProcessMemory 或 WriteProcessMemory 要求。 (0x12B)
[0918/093846.976:ERROR:process_memory_win.cc(73)] ReadMemory at 0x1e637010fe0 of 3574 bytes failed: 僅完成部分的 ReadProcessMemory 或 WriteProcessMemory 要求。 (0x12B)
[0918/093846.976:ERROR:process_memory_win.cc(73)] ReadMemory at 0x1e637011de0 of 1012 bytes failed: 僅完成部分的 ReadProcessMemory 或 WriteProcessMemory 要求。 (0x12B)
[0918/093846.976:ERROR:process_memory_win.cc(73)] ReadMemory at 0x1e637012428 of 106 bytes failed: 僅完成部分的 ReadProcessMemory 或 WriteProcessMemory 要求。 (0x12B)
[0918/093846.976:ERROR:process_memory_win.cc(73)] ReadMemory at 0x1e637012494 of 744 bytes failed: 僅完成部分的 ReadProcessMemory 或 WriteProcessMemory 要求。 (0x12B)
[0918/093846.976:ERROR:process_memory_win.cc(73)] ReadMemory at 0x1e63701277e of 106 bytes failed: 僅完成部分的 ReadProcessMemory 或 WriteProcessMemory 要求。 (0x12B)
[0918/093846.976:ERROR:process_memory_win.cc(73)] ReadMemory at 0x1e6370127ea of 102 bytes failed: 僅完成部分的 ReadProcessMemory 或 WriteProcessMemory 要求。 (0x12B)
[0918/093846.977:ERROR:process_memory_win.cc(73)] ReadMemory at 0x1e637012860 of 58 bytes failed: 僅完成部分的 ReadProcessMemory 或 WriteProcessMemory 要求。 (0x12B)
[0918/093846.977:ERROR:process_memory_win.cc(73)] ReadMemory at 0x1e637012960 of 132 bytes failed: 僅完成部分的 ReadProcessMemory 或 WriteProcessMemory 要求。 (0x12B)
[0918/093846.977:ERROR:process_memory_win.cc(73)] ReadMemory at 0x1e637012af0 of 132 bytes failed: 僅完成部分的 ReadProcessMemory 或 WriteProcessMemory 要求。 (0x12B)
[0918/093846.977:ERROR:process_memory_win.cc(73)] ReadMemory at 0x1e637012cb0 of 114 bytes failed: 僅完成部分的 ReadProcessMemory 或 WriteProcessMemory 要求。 (0x12B)
[0918/093846.977:ERROR:process_memory_win.cc(73)] ReadMemory at 0x1e637013090 of 132 bytes failed: 僅完成部分的 ReadProcessMemory 或 WriteProcessMemory 要求。 (0x12B)
[0918/093846.977:ERROR:process_memory_win.cc(73)] ReadMemory at 0x1e637013220 of 64 bytes failed: 僅完成部分的 ReadProcessMemory 或 WriteProcessMemory 要求。 (0x12B)
[0918/093846.977:ERROR:process_memory_win.cc(73)] ReadMemory at 0x1e6370133d0 of 132 bytes failed: 僅完成部分的 ReadProcessMemory 或 WriteProcessMemory 要求。 (0x12B)
[0918/093846.977:ERROR:process_memory_win.cc(73)] ReadMemory at 0x1e637013680 of 132 bytes failed: 僅完成部分的 ReadProcessMemory 或 WriteProcessMemory 要求。 (0x12B)
[0918/093846.977:ERROR:process_memory_win.cc(73)] ReadMemory at 0x1e637013810 of 68 bytes failed: 僅完成部分的 ReadProcessMemory 或 WriteProcessMemory 要求。 (0x12B)
[0918/093846.977:ERROR:process_memory_win.cc(73)] ReadMemory at 0x1e637014870 of 132 bytes failed: 僅完成部分的 ReadProcessMemory 或 WriteProcessMemory 要求。 (0x12B)
[0918/093846.977:ERROR:process_memory_win.cc(73)] ReadMemory at 0x1e6370149a0 of 142 bytes failed: 僅完成部分的 ReadProcessMemory 或 WriteProcessMemory 要求。 (0x12B)
[0918/093846.978:ERROR:process_memory_win.cc(73)] ReadMemory at 0x1e6370158e0 of 132 bytes failed: 僅完成部分的 ReadProcessMemory 或 WriteProcessMemory 要求。 (0x12B)
[0918/093846.978:ERROR:process_memory_win.cc(73)] ReadMemory at 0x1e637015e30 of 62 bytes failed: 僅完成部分的 ReadProcessMemory 或 WriteProcessMemory 要求。 (0x12B)
[0918/093846.978:ERROR:process_memory_win.cc(73)] ReadMemory at 0x1e637015f40 of 60 bytes failed: 僅完成部分的 ReadProcessMemory 或 WriteProcessMemory 要求。 (0x12B)
[0918/093846.978:ERROR:process_memory_win.cc(73)] ReadMemory at 0x1e63701fef0 of 76 bytes failed: 僅完成部分的 ReadProcessMemory 或 WriteProcessMemory 要求。 (0x12B)
[0918/093846.978:ERROR:process_memory_win.cc(73)] ReadMemory at 0x1e6370200d0 of 80 bytes failed: 僅完成部分的 ReadProcessMemory 或 WriteProcessMemory 要求。 (0x12B)
[0918/093846.978:ERROR:process_memory_win.cc(73)] ReadMemory at 0x1e637020250 of 80 bytes failed: 僅完成部分的 ReadProcessMemory 或 WriteProcessMemory 要求。 (0x12B)
[0918/093846.978:ERROR:process_memory_win.cc(73)] ReadMemory at 0x1e637022d00 of 134 bytes failed: 僅完成部分的 ReadProcessMemory 或 WriteProcessMemory 要求。 (0x12B)
[0918/093846.978:ERROR:process_memory_win.cc(73)] ReadMemory at 0x1e637022d90 of 132 bytes failed: 僅完成部分的 ReadProcessMemory 或 WriteProcessMemory 要求。 (0x12B)
[0918/093846.978:ERROR:process_memory_win.cc(73)] ReadMemory at 0x1e637023240 of 132 bytes failed: 僅完成部分的 ReadProcessMemory 或 WriteProcessMemory 要求。 (0x12B)
[0918/093846.978:ERROR:process_memory_win.cc(73)] ReadMemory at 0x1e637023370 of 132 bytes failed: 僅完成部分的 ReadProcessMemory 或 WriteProcessMemory 要求。 (0x12B)
[0918/093846.978:ERROR:process_memory_win.cc(73)] ReadMemory at 0x1e637023650 of 132 bytes failed: 僅完成部分的 ReadProcessMemory 或 WriteProcessMemory 要求。 (0x12B)
[0918/093846.979:ERROR:process_memory_win.cc(73)] ReadMemory at 0x1e637024f90 of 54 bytes failed: 僅完成部分的 ReadProcessMemory 或 WriteProcessMemory 要求。 (0x12B)
[0918/093846.979:ERROR:process_memory_win.cc(73)] ReadMemory at 0x1e637026190 of 132 bytes failed: 僅完成部分的 ReadProcessMemory 或 WriteProcessMemory 要求。 (0x12B)
[0918/093846.979:ERROR:process_memory_win.cc(73)] ReadMemory at 0x1e6370264b0 of 132 bytes failed: 僅完成部分的 ReadProcessMemory 或 WriteProcessMemory 要求。 (0x12B)
[0918/093846.979:ERROR:process_memory_win.cc(73)] ReadMemory at 0x1e6370266d0 of 132 bytes failed: 僅完成部分的 ReadProcessMemory 或 WriteProcessMemory 要求。 (0x12B)
[0918/093846.980:ERROR:process_memory_win.cc(73)] ReadMemory at 0x1e637026a30 of 132 bytes failed: 僅完成部分的 ReadProcessMemory 或 WriteProcessMemory 要求。 (0x12B)
[0918/093846.980:ERROR:process_memory_win.cc(73)] ReadMemory at 0x1e637027db0 of 64 bytes failed: 僅完成部分的 ReadProcessMemory 或 WriteProcessMemory 要求。 (0x12B)
[0918/093846.980:ERROR:process_memory_win.cc(73)] ReadMemory at 0x1e637027ea0 of 60 bytes failed: 僅完成部分的 ReadProcessMemory 或 WriteProcessMemory 要求。 (0x12B)
[0918/093846.980:ERROR:process_memory_win.cc(73)] ReadMemory at 0x1e637027ef0 of 62 bytes failed: 僅完成部分的 ReadProcessMemory 或 WriteProcessMemory 要求。 (0x12B)
[0918/093846.980:ERROR:process_memory_win.cc(73)] ReadMemory at 0x1e637027f40 of 64 bytes failed: 僅完成部分的 ReadProcessMemory 或 WriteProcessMemory 要求。 (0x12B)
[0918/093846.980:ERROR:process_memory_win.cc(73)] ReadMemory at 0x1e637027f90 of 64 bytes failed: 僅完成部分的 ReadProcessMemory 或 WriteProcessMemory 要求。 (0x12B)
[0918/093846.980:ERROR:process_memory_win.cc(73)] ReadMemory at 0x1e637027fe0 of 66 bytes failed: 僅完成部分的 ReadProcessMemory 或 WriteProcessMemory 要求。 (0x12B)
[0918/093846.980:ERROR:process_memory_win.cc(73)] ReadMemory at 0x1e637028120 of 62 bytes failed: 僅完成部分的 ReadProcessMemory 或 WriteProcessMemory 要求。 (0x12B)
[0918/093846.980:ERROR:process_memory_win.cc(73)] ReadMemory at 0x1e6370281c0 of 64 bytes failed: 僅完成部分的 ReadProcessMemory 或 WriteProcessMemory 要求。 (0x12B)
[0918/093846.980:ERROR:process_memory_win.cc(73)] ReadMemory at 0x1e637028260 of 62 bytes failed: 僅完成部分的 ReadProcessMemory 或 WriteProcessMemory 要求。 (0x12B)
[0918/093846.980:ERROR:process_memory_win.cc(73)] ReadMemory at 0x1e6370282b0 of 64 bytes failed: 僅完成部分的 ReadProcessMemory 或 WriteProcessMemory 要求。 (0x12B)
[0918/093846.981:ERROR:process_memory_win.cc(73)] ReadMemory at 0x1e6370283a0 of 62 bytes failed: 僅完成部分的 ReadProcessMemory 或 WriteProcessMemory 要求。 (0x12B)
[0918/093846.981:ERROR:process_memory_win.cc(73)] ReadMemory at 0x1e637028440 of 60 bytes failed: 僅完成部分的 ReadProcessMemory 或 WriteProcessMemory 要求。 (0x12B)
[0918/093846.981:ERROR:process_memory_win.cc(73)] ReadMemory at 0x1e637028490 of 62 bytes failed: 僅完成部分的 ReadProcessMemory 或 WriteProcessMemory 要求。 (0x12B)
[0918/093846.981:ERROR:process_memory_win.cc(73)] ReadMemory at 0x1e6370284e0 of 62 bytes failed: 僅完成部分的 ReadProcessMemory 或 WriteProcessMemory 要求。 (0x12B)
[0918/093846.981:ERROR:process_memory_win.cc(73)] ReadMemory at 0x1e637028620 of 62 bytes failed: 僅完成部分的 ReadProcessMemory 或 WriteProcessMemory 要求。 (0x12B)
[0918/093846.981:ERROR:process_memory_win.cc(73)] ReadMemory at 0x1e637028670 of 60 bytes failed: 僅完成部分的 ReadProcessMemory 或 WriteProcessMemory 要求。 (0x12B)
[0918/093846.981:ERROR:process_memory_win.cc(73)] ReadMemory at 0x1e637028710 of 58 bytes failed: 僅完成部分的 ReadProcessMemory 或 WriteProcessMemory 要求。 (0x12B)
[0918/093846.981:ERROR:process_memory_win.cc(73)] ReadMemory at 0x1e637028760 of 64 bytes failed: 僅完成部分的 ReadProcessMemory 或 WriteProcessMemory 要求。 (0x12B)
[0918/093846.981:ERROR:process_memory_win.cc(73)] ReadMemory at 0x1e6370287b0 of 66 bytes failed: 僅完成部分的 ReadProcessMemory 或 WriteProcessMemory 要求。 (0x12B)
[0918/093846.981:ERROR:process_memory_win.cc(73)] ReadMemory at 0x1e637028800 of 64 bytes failed: 僅完成部分的 ReadProcessMemory 或 WriteProcessMemory 要求。 (0x12B)
[0918/093846.982:ERROR:process_memory_win.cc(73)] ReadMemory at 0x1e637028850 of 60 bytes failed: 僅完成部分的 ReadProcessMemory 或 WriteProcessMemory 要求。 (0x12B)
[0918/093846.982:ERROR:process_memory_win.cc(73)] ReadMemory at 0x1e637028940 of 60 bytes failed: 僅完成部分的 ReadProcessMemory 或 WriteProcessMemory 要求。 (0x12B)
[0918/093846.982:ERROR:process_memory_win.cc(73)] ReadMemory at 0x1e637028990 of 64 bytes failed: 僅完成部分的 ReadProcessMemory 或 WriteProcessMemory 要求。 (0x12B)
[0918/093846.982:ERROR:process_memory_win.cc(73)] ReadMemory at 0x1e6370289e0 of 62 bytes failed: 僅完成部分的 ReadProcessMemory 或 WriteProcessMemory 要求。 (0x12B)
[0918/093846.982:ERROR:process_memory_win.cc(73)] ReadMemory at 0x1e637028a30 of 62 bytes failed: 僅完成部分的 ReadProcessMemory 或 WriteProcessMemory 要求。 (0x12B)
[0918/093846.982:ERROR:process_memory_win.cc(73)] ReadMemory at 0x1e637028a80 of 60 bytes failed: 僅完成部分的 ReadProcessMemory 或 WriteProcessMemory 要求。 (0x12B)
[0918/093846.982:ERROR:process_memory_win.cc(73)] ReadMemory at 0x1e637028c60 of 62 bytes failed: 僅完成部分的 ReadProcessMemory 或 WriteProcessMemory 要求。 (0x12B)
[0918/093846.982:ERROR:process_memory_win.cc(73)] ReadMemory at 0x1e63702a640 of 132 bytes failed: 僅完成部分的 ReadProcessMemory 或 WriteProcessMemory 要求。 (0x12B)
[0918/093846.982:ERROR:process_memory_win.cc(73)] ReadMemory at 0x1e63702d1e0 of 132 bytes failed: 僅完成部分的 ReadProcessMemory 或 WriteProcessMemory 要求。 (0x12B)
[0918/093846.982:ERROR:process_memory_win.cc(73)] ReadMemory at 0x1e63702d310 of 132 bytes failed: 僅完成部分的 ReadProcessMemory 或 WriteProcessMemory 要求。 (0x12B)
[0918/093846.982:ERROR:process_memory_win.cc(73)] ReadMemory at 0x1e63702d440 of 132 bytes failed: 僅完成部分的 ReadProcessMemory 或 WriteProcessMemory 要求。 (0x12B)
[0918/093846.982:ERROR:process_memory_win.cc(73)] ReadMemory at 0x1e63702d570 of 132 bytes failed: 僅完成部分的 ReadProcessMemory 或 WriteProcessMemory 要求。 (0x12B)
[0918/093846.983:ERROR:process_memory_win.cc(73)] ReadMemory at 0x1e63702d6a0 of 132 bytes failed: 僅完成部分的 ReadProcessMemory 或 WriteProcessMemory 要求。 (0x12B)
[0918/093846.983:ERROR:process_memory_win.cc(73)] ReadMemory at 0x1e63702d7d0 of 132 bytes failed: 僅完成部分的 ReadProcessMemory 或 WriteProcessMemory 要求。 (0x12B)
[0918/093846.983:ERROR:process_memory_win.cc(73)] ReadMemory at 0x1e63702d900 of 132 bytes failed: 僅完成部分的 ReadProcessMemory 或 WriteProcessMemory 要求。 (0x12B)
[0918/093846.983:ERROR:process_memory_win.cc(73)] ReadMemory at 0x1e63702da30 of 132 bytes failed: 僅完成部分的 ReadProcessMemory 或 WriteProcessMemory 要求。 (0x12B)
[0918/093846.983:ERROR:process_memory_win.cc(73)] ReadMemory at 0x1e63702db60 of 132 bytes failed: 僅完成部分的 ReadProcessMemory 或 WriteProcessMemory 要求。 (0x12B)
[0918/093846.983:ERROR:process_memory_win.cc(73)] ReadMemory at 0x1e63702dc90 of 132 bytes failed: 僅完成部分的 ReadProcessMemory 或 WriteProcessMemory 要求。 (0x12B)
[0918/093846.983:ERROR:process_memory_win.cc(73)] ReadMemory at 0x1e63702ddc0 of 132 bytes failed: 僅完成部分的 ReadProcessMemory 或 WriteProcessMemory 要求。 (0x12B)
[0918/093846.983:ERROR:process_memory_win.cc(73)] ReadMemory at 0x1e63702e020 of 132 bytes failed: 僅完成部分的 ReadProcessMemory 或 WriteProcessMemory 要求。 (0x12B)
[0918/093846.983:ERROR:process_memory_win.cc(73)] ReadMemory at 0x1e63702eff0 of 132 bytes failed: 僅完成部分的 ReadProcessMemory 或 WriteProcessMemory 要求。 (0x12B)
[0918/093846.983:ERROR:process_memory_win.cc(73)] ReadMemory at 0x1e63702f120 of 132 bytes failed: 僅完成部分的 ReadProcessMemory 或 WriteProcessMemory 要求。 (0x12B)
[0918/093846.984:ERROR:process_memory_win.cc(73)] ReadMemory at 0x1e63702f380 of 132 bytes failed: 僅完成部分的 ReadProcessMemory 或 WriteProcessMemory 要求。 (0x12B)
[0918/093846.984:ERROR:process_memory_win.cc(73)] ReadMemory at 0x1e63702f4b0 of 132 bytes failed: 僅完成部分的 ReadProcessMemory 或 WriteProcessMemory 要求。 (0x12B)
[0918/093846.984:ERROR:process_memory_win.cc(73)] ReadMemory at 0x1e63702f5e0 of 132 bytes failed: 僅完成部分的 ReadProcessMemory 或 WriteProcessMemory 要求。 (0x12B)
[0918/093846.984:ERROR:process_memory_win.cc(73)] ReadMemory at 0x1e63702fd00 of 132 bytes failed: 僅完成部分的 ReadProcessMemory 或 WriteProcessMemory 要求。 (0x12B)
[0918/093846.984:ERROR:process_memory_win.cc(73)] ReadMemory at 0x1e63702ff60 of 132 bytes failed: 僅完成部分的 ReadProcessMemory 或 WriteProcessMemory 要求。 (0x12B)
[0918/093846.984:ERROR:process_memory_win.cc(73)] ReadMemory at 0x1e6370302f0 of 132 bytes failed: 僅完成部分的 ReadProcessMemory 或 WriteProcessMemory 要求。 (0x12B)
[0918/093846.984:ERROR:process_memory_win.cc(73)] ReadMemory at 0x1e637030420 of 132 bytes failed: 僅完成部分的 ReadProcessMemory 或 WriteProcessMemory 要求。 (0x12B)
[0918/093846.984:ERROR:process_memory_win.cc(73)] ReadMemory at 0x1e637030680 of 132 bytes failed: 僅完成部分的 ReadProcessMemory 或 WriteProcessMemory 要求。 (0x12B)
[0918/093846.984:ERROR:process_memory_win.cc(73)] ReadMemory at 0x1e637030a10 of 132 bytes failed: 僅完成部分的 ReadProcessMemory 或 WriteProcessMemory 要求。 (0x12B)
[0918/093846.984:ERROR:process_memory_win.cc(73)] ReadMemory at 0x1e6370428b0 of 512 bytes failed: 僅完成部分的 ReadProcessMemory 或 WriteProcessMemory 要求。 (0x12B)
[0918/093846.985:ERROR:process_memory_win.cc(73)] ReadMemory at 0x1e63707ada0 of 512 bytes failed: 僅完成部分的 ReadProcessMemory 或 WriteProcessMemory 要求。 (0x12B)
[0918/093846.985:ERROR:process_memory_win.cc(73)] ReadMemory at 0x1e63708c510 of 512 bytes failed: 僅完成部分的 ReadProcessMemory 或 WriteProcessMemory 要求。 (0x12B)
[0918/093846.985:ERROR:process_memory_win.cc(73)] ReadMemory at 0x1e63708e380 of 512 bytes failed: 僅完成部分的 ReadProcessMemory 或 WriteProcessMemory 要求。 (0x12B)
[0918/093846.985:ERROR:process_memory_win.cc(73)] ReadMemory at 0x1e6370978b8 of 512 bytes failed: 僅完成部分的 ReadProcessMemory 或 WriteProcessMemory 要求。 (0x12B)
[0918/093846.985:ERROR:process_memory_win.cc(73)] ReadMemory at 0x1e6370b7b40 of 512 bytes failed: 僅完成部分的 ReadProcessMemory 或 WriteProcessMemory 要求。 (0x12B)
[0918/093846.985:ERROR:process_memory_win.cc(73)] ReadMemory at 0x1e6370b9080 of 512 bytes failed: 僅完成部分的 ReadProcessMemory 或 WriteProcessMemory 要求。 (0x12B)
[0918/093846.985:ERROR:process_memory_win.cc(73)] ReadMemory at 0x1e6370c56a0 of 736 bytes failed: 僅完成部分的 ReadProcessMemory 或 WriteProcessMemory 要求。 (0x12B)
[0918/093846.985:ERROR:process_memory_win.cc(73)] ReadMemory at 0x1e6370d2450 of 512 bytes failed: 僅完成部分的 ReadProcessMemory 或 WriteProcessMemory 要求。 (0x12B)
[0918/093846.985:ERROR:process_memory_win.cc(73)] ReadMemory at 0x1e637290f40 of 512 bytes failed: 僅完成部分的 ReadProcessMemory 或 WriteProcessMemory 要求。 (0x12B)
[0918/093846.985:ERROR:process_memory_win.cc(73)] ReadMemory at 0x1e638b514e0 of 512 bytes failed: 僅完成部分的 ReadProcessMemory 或 WriteProcessMemory 要求。 (0x12B)
[0918/093846.986:ERROR:process_memory_win.cc(73)] ReadMemory at 0x1e638b58fb0 of 512 bytes failed: 僅完成部分的 ReadProcessMemory 或 WriteProcessMemory 要求。 (0x12B)
[0918/093846.986:ERROR:process_memory_win.cc(73)] ReadMemory at 0x1e638b80f42 of 512 bytes failed: 僅完成部分的 ReadProcessMemory 或 WriteProcessMemory 要求。 (0x12B)
[0918/093846.986:ERROR:process_memory_win.cc(73)] ReadMemory at 0x1e638b81144 of 912 bytes failed: 僅完成部分的 ReadProcessMemory 或 WriteProcessMemory 要求。 (0x12B)
[0918/093846.986:ERROR:process_memory_win.cc(73)] ReadMemory at 0x1e638b81644 of 528 bytes failed: 僅完成部分的 ReadProcessMemory 或 WriteProcessMemory 要求。 (0x12B)
[0918/093846.986:ERROR:process_memory_win.cc(73)] ReadMemory at 0x1e638ba8580 of 512 bytes failed: 僅完成部分的 ReadProcessMemory 或 WriteProcessMemory 要求。 (0x12B)
[0918/093846.986:ERROR:process_memory_win.cc(73)] ReadMemory at 0x1e6398cfb90 of 512 bytes failed: 僅完成部分的 ReadProcessMemory 或 WriteProcessMemory 要求。 (0x12B)
[0918/093846.986:ERROR:process_memory_win.cc(73)] ReadMemory at 0x1e63b511860 of 512 bytes failed: 僅完成部分的 ReadProcessMemory 或 WriteProcessMemory 要求。 (0x12B)
[0918/093846.986:ERROR:process_memory_win.cc(73)] ReadMemory at 0x1e63b623d20 of 512 bytes failed: 僅完成部分的 ReadProcessMemory 或 WriteProcessMemory 要求。 (0x12B)
[0918/093846.986:ERROR:process_memory_win.cc(73)] ReadMemory at 0x1e63bf66cc8 of 512 bytes failed: 僅完成部分的 ReadProcessMemory 或 WriteProcessMemory 要求。 (0x12B)
[0918/093846.987:ERROR:process_memory_win.cc(73)] ReadMemory at 0x1e63bf68218 of 512 bytes failed: 僅完成部分的 ReadProcessMemory 或 WriteProcessMemory 要求。 (0x12B)
[0918/093846.987:ERROR:process_memory_win.cc(73)] ReadMemory at 0x12020825e939 of 512 bytes failed: 僅完成部分的 ReadProcessMemory 或 WriteProcessMemory 要求。 (0x12B)
[0918/093846.987:ERROR:process_memory_win.cc(73)] ReadMemory at 0x120208261b15 of 512 bytes failed: 僅完成部分的 ReadProcessMemory 或 WriteProcessMemory 要求。 (0x12B)
[0918/093846.987:ERROR:process_memory_win.cc(73)] ReadMemory at 0x7ffca87c6cd0 of 512 bytes failed: 僅完成部分的 ReadProcessMemory 或 WriteProcessMemory 要求。 (0x12B)
[0918/093846.988:ERROR:process_memory_win.cc(73)] ReadMemory at 0x7ffca925dff0 of 512 bytes failed: 僅完成部分的 ReadProcessMemory 或 WriteProcessMemory 要求。 (0x12B)
[0918/093846.988:ERROR:process_memory_win.cc(73)] ReadMemory at 0x7ffcabd27c30 of 540 bytes failed: 僅完成部分的 ReadProcessMemory 或 WriteProcessMemory 要求。 (0x12B)
[0918/093846.988:ERROR:process_memory_win.cc(73)] ReadMemory at 0x7ffcb108a981 of 512 bytes failed: 僅完成部分的 ReadProcessMemory 或 WriteProcessMemory 要求。 (0x12B)
[0918/093846.988:ERROR:process_memory_win.cc(73)] ReadMemory at 0x7ffd26d3b6d0 of 512 bytes failed: 僅完成部分的 ReadProcessMemory 或 WriteProcessMemory 要求。 (0x12B)
[0918/093846.988:ERROR:process_memory_win.cc(73)] ReadMemory at 0x7ffd28d61f80 of 512 bytes failed: 僅完成部分的 ReadProcessMemory 或 WriteProcessMemory 要求。 (0x12B)
[0918/093846.989:ERROR:process_memory_win.cc(73)] ReadMemory at 0x7ffd2961c0c4 of 672 bytes failed: 僅完成部分的 ReadProcessMemory 或 WriteProcessMemory 要求。 (0x12B)
[0918/093846.989:ERROR:process_memory_win.cc(73)] ReadMemory at 0x7ffd2961c6c4 of 512 bytes failed: 僅完成部分的 ReadProcessMemory 或 WriteProcessMemory 要求。 (0x12B)
[0918/093846.989:ERROR:process_memory_win.cc(73)] ReadMemory at 0x7ffd2961f974 of 608 bytes failed: 僅完成部分的 ReadProcessMemory 或 WriteProcessMemory 要求。 (0x12B)
[0918/093846.989:ERROR:process_memory_win.cc(73)] ReadMemory at 0x7ffd296ac428 of 18 bytes failed: 僅完成部分的 ReadProcessMemory 或 WriteProcessMemory 要求。 (0x12B)
[0918/093846.989:ERROR:process_memory_win.cc(73)] ReadMemory at 0x7ffd296df4f8 of 40 bytes failed: 僅完成部分的 ReadProcessMemory 或 WriteProcessMemory 要求。 (0x12B)
[0918/093846.989:ERROR:process_memory_win.cc(73)] ReadMemory at 0x7ffd296df978 of 48 bytes failed: 僅完成部分的 ReadProcessMemory 或 WriteProcessMemory 要求。 (0x12B)
[0918/093846.989:ERROR:process_memory_win.cc(73)] ReadMemory at 0x7ffd296e53c0 of 64 bytes failed: 僅完成部分的 ReadProcessMemory 或 WriteProcessMemory 要求。 (0x12B)
[0918/093846.992:ERROR:scoped_process_suspend.cc(40)] NtResumeProcess: 嘗試存取現有的處理程序。 (0xc000010a)
